<?xml version="1.0" encoding="UTF-8"?>
<!-- Generated by org.testng.reporters.JUnitReportReporter -->
<testsuite hostname="LAPTOP-A61F2SEM" failures="0" tests="1" name="testngDemos.TestNgDemo" time="14.308" errors="0" timestamp="2024-10-26T19:56:45 IST" skipped="0">
  <testcase classname="testngDemos.TestNgDemo" name="ValidateLoginUsingValidCredentails" time="14.308"/>
</testsuite> <!-- testngDemos.TestNgDemo -->
