<?xml version="1.0" encoding="UTF-8"?>
<!-- Generated by org.testng.reporters.JUnitReportReporter -->
<testsuite hostname="LAPTOP-A61F2SEM" failures="0" tests="1" name="fileupload.fileUploadDemo1" time="9.390" errors="0" timestamp="2024-10-27T20:18:28 IST" skipped="0">
  <testcase classname="fileupload.fileUploadDemo1" name="ValidateLoginUsingValidCredentails" time="9.390"/>
</testsuite> <!-- fileupload.fileUploadDemo1 -->
